<?xml version="1.0" encoding="UTF-8"?>
<!-- Generated by org.testng.reporters.JUnitXMLReporter -->
<testsuite ignored="0" hostname="LTIN719527" failures="0" tests="3" name="Hospital Tests" time="116.426" errors="0" timestamp="2026-04-28T10:24:13 IST">
  <testcase classname="tests.HospitalTest" name="validateHospitalsWithParkingAndRating" time="34.047"/>
  <testcase classname="tests.DiagnosticsTest" name="extractTopCities" time="2.049"/>
  <testcase classname="tests.CorporateWellnessTest" name="validateInvalidCorporateWellnessForm" time="5.4"/>
</testsuite> <!-- Hospital Tests -->
