<?xml version="1.0" encoding="UTF-8"?>
<testng-results ignored="0" total="3" passed="3" failed="0" skipped="0">
  <reporter-output>
    <line>
      <![CDATA[Driver Instantiated]]>
    </line>
    <line>
      <![CDATA[Navigated to Home Page]]>
    </line>
    <line>
      <![CDATA[Searching Hospitals in Bangalore]]>
    </line>
    <line>
      <![CDATA[Valid Hospitals been Extracted Successfully]]>
    </line>
    <line>
      <![CDATA[Driver Instantiated]]>
    </line>
    <line>
      <![CDATA[Navigating to Diagnostics page]]>
    </line>
    <line>
      <![CDATA[Top Cities for Diagnosis has been Extracted Successfully]]>
    </line>
    <line>
      <![CDATA[Driver Instantiated]]>
    </line>
    <line>
      <![CDATA[Navigating to Corporate Wellness Page]]>
    </line>
    <line>
      <![CDATA[Invalid Output Captured Successfully]]>
    </line>
  </reporter-output>
  <suite started-at="2026-04-28T10:22:16 IST" name="Finding Hospitals Suite" finished-at="2026-04-28T10:24:13 IST" duration-ms="116426">
    <groups>
    </groups>
    <test started-at="2026-04-28T10:22:16 IST" name="Hospital Tests" finished-at="2026-04-28T10:24:13 IST" duration-ms="116426">
      <class name="tests.HospitalTest">
        <test-method is-config="true" signature="setup()[pri:0, instance:tests.HospitalTest@373ebf74]" started-at="2026-04-28T10:22:16 IST" name="setup" finished-at="2026-04-28T10:22:23 IST" duration-ms="6800" status="PASS">
          <reporter-output>
          </reporter-output>
        </test-method> <!-- setup -->
        <test-method signature="validateHospitalsWithParkingAndRating()[pri:0, instance:tests.HospitalTest@373ebf74]" started-at="2026-04-28T10:22:23 IST" name="validateHospitalsWithParkingAndRating" finished-at="2026-04-28T10:22:57 IST" duration-ms="34047" status="PASS">
          <reporter-output>
            <line>
              <![CDATA[Driver Instantiated]]>
            </line>
            <line>
              <![CDATA[Navigated to Home Page]]>
            </line>
            <line>
              <![CDATA[Searching Hospitals in Bangalore]]>
            </line>
            <line>
              <![CDATA[Valid Hospitals been Extracted Successfully]]>
            </line>
          </reporter-output>
        </test-method> <!-- validateHospitalsWithParkingAndRating -->
        <test-method is-config="true" signature="tearDown()[pri:0, instance:tests.HospitalTest@373ebf74]" started-at="2026-04-28T10:22:57 IST" name="tearDown" finished-at="2026-04-28T10:23:00 IST" duration-ms="3277" status="PASS">
          <reporter-output>
          </reporter-output>
        </test-method> <!-- tearDown -->
      </class> <!-- tests.HospitalTest -->
      <class name="tests.CorporateWellnessTest">
        <test-method is-config="true" signature="setup()[pri:0, instance:tests.CorporateWellnessTest@613a8ee1]" started-at="2026-04-28T10:24:00 IST" name="setup" finished-at="2026-04-28T10:24:05 IST" duration-ms="4419" status="PASS">
          <reporter-output>
          </reporter-output>
        </test-method> <!-- setup -->
        <test-method signature="validateInvalidCorporateWellnessForm()[pri:0, instance:tests.CorporateWellnessTest@613a8ee1]" started-at="2026-04-28T10:24:05 IST" name="validateInvalidCorporateWellnessForm" finished-at="2026-04-28T10:24:10 IST" duration-ms="5400" status="PASS">
          <reporter-output>
            <line>
              <![CDATA[Driver Instantiated]]>
            </line>
            <line>
              <![CDATA[Navigating to Corporate Wellness Page]]>
            </line>
            <line>
              <![CDATA[Invalid Output Captured Successfully]]>
            </line>
          </reporter-output>
        </test-method> <!-- validateInvalidCorporateWellnessForm -->
        <test-method is-config="true" signature="tearDown()[pri:0, instance:tests.CorporateWellnessTest@613a8ee1]" started-at="2026-04-28T10:24:10 IST" name="tearDown" finished-at="2026-04-28T10:24:13 IST" duration-ms="2346" status="PASS">
          <reporter-output>
          </reporter-output>
        </test-method> <!-- tearDown -->
      </class> <!-- tests.CorporateWellnessTest -->
      <class name="tests.DiagnosticsTest">
        <test-method is-config="true" signature="setup()[pri:0, instance:tests.DiagnosticsTest@3016fd5e]" started-at="2026-04-28T10:23:00 IST" name="setup" finished-at="2026-04-28T10:23:57 IST" duration-ms="56074" status="PASS">
          <reporter-output>
          </reporter-output>
        </test-method> <!-- setup -->
        <test-method signature="extractTopCities()[pri:0, instance:tests.DiagnosticsTest@3016fd5e]" started-at="2026-04-28T10:23:57 IST" name="extractTopCities" finished-at="2026-04-28T10:23:59 IST" duration-ms="2049" status="PASS">
          <reporter-output>
            <line>
              <![CDATA[Driver Instantiated]]>
            </line>
            <line>
              <![CDATA[Navigating to Diagnostics page]]>
            </line>
            <line>
              <![CDATA[Top Cities for Diagnosis has been Extracted Successfully]]>
            </line>
          </reporter-output>
        </test-method> <!-- extractTopCities -->
        <test-method is-config="true" signature="tearDown()[pri:0, instance:tests.DiagnosticsTest@3016fd5e]" started-at="2026-04-28T10:23:59 IST" name="tearDown" finished-at="2026-04-28T10:24:00 IST" duration-ms="1875" status="PASS">
          <reporter-output>
          </reporter-output>
        </test-method> <!-- tearDown -->
      </class> <!-- tests.DiagnosticsTest -->
    </test> <!-- Hospital Tests -->
  </suite> <!-- Finding Hospitals Suite -->
</testng-results>
