<?xml version="1.0" encoding="UTF-8"?>
<!-- Generated by org.testng.reporters.JUnitReportReporter -->
<testsuite hostname="LTIN719527" failures="0" tests="1" name="tests.CorporateWellnessTest" time="5.400" errors="0" timestamp="2026-04-28T10:24:13 IST" skipped="0">
  <testcase classname="tests.CorporateWellnessTest" name="validateInvalidCorporateWellnessForm" time="5.400">
    <system-out>
      <![CDATA[Driver Instantiated
Navigating to Corporate Wellness Page
Invalid Output Captured Successfully]]>
    </system-out>
  </testcase> <!-- validateInvalidCorporateWellnessForm -->
  <system-out>
    <![CDATA[Driver Instantiated
Navigated to Home Page
Searching Hospitals in Bangalore
Valid Hospitals been Extracted Successfully
Driver Instantiated
Navigating to Diagnostics page
Top Cities for Diagnosis has been Extracted Successfully
Driver Instantiated
Navigating to Corporate Wellness Page
Invalid Output Captured Successfully]]>
  </system-out>
</testsuite> <!-- tests.CorporateWellnessTest -->
